<?xml version="1.0" encoding="UTF-8"?>
<!-- Generated by org.testng.reporters.JUnitReportReporter -->
<testsuite hostname="JyothiCyril" failures="0" tests="5" name="com.qa.testscripts.TC_Amazon_002" time="19.169" errors="0" timestamp="2022-04-20T07:48:58 IST" skipped="0">
  <testcase classname="com.qa.testscripts.TC_Amazon_002" name="searchItem" time="3.257"/>
  <system-out>
    <![CDATA[The user is on amazon home page
The title have the search item
BLUEWUD Noel Engineered Wood Rectangular Shape Coffee Table/Centre Table with Storage (Wenge)]]>
  </system-out>
  <testcase classname="com.qa.testscripts.TC_Amazon_002" name="searchItem" time="4.082"/>
  <system-out>
    <![CDATA[The user is on amazon home page
The title have the search item
Apple iPhone 12 (64GB) - Blue
Apple iPhone 11 (64GB) - Black
OPPO A31 (Fantasy White, 6GB RAM, 128GB Storage) with No Cost EMI/Additional Exchange Offers
Redmi 9 (Sky Blue, 4GB RAM, 64GB Storage) | 2.3GHz Mediatek Helio G35 Octa core Processor
OPPO A31 (Mystery Black, 6GB RAM, 128GB Storage) with No Cost EMI/Additional Exchange Offers
Redmi 9 Activ (Metallic Purple, 4GB RAM, 64GB Storage)
Redmi Note 11 (Space Black, 6GB RAM, 64GB Storage) | 90Hz FHD+ AMOLED Display | Qualcomm® Snapdragon™ 680-6nm | Alexa Built-in | 33W Charger Included
Redmi Note 11 (Horizon Blue, 6GB RAM, 128GB Storage)|90Hz FHD+ AMOLED Display | Qualcomm® Snapdragon™ 680-6nm | Alexa Built-in | 33W Charger Included
Samsung Galaxy M12 (Blue,4GB RAM, 64GB Storage) 6000 mAh with 8nm Processor | True 48 MP Quad Camera | 90Hz Refresh Rate
Redmi 9 Activ (Coral Green, 4GB RAM, 64GB Storage)
Redmi Note 11 (Horizon Blue, 6GB RAM, 64GB Storage)|90Hz FHD+ AMOLED Display | Qualcomm® Snapdragon™ 680-6nm | Alexa Built-in | 33W Charger Included
Redmi 9A(Midnight Black 3GB RAM 32GB Storage) | 2GHz Octa-core Helio G25 Processor | 5000 mAh Battery
Redmi 9A Sport (Coral Green, 2GB RAM, 32GB Storage) | 2GHz Octa-core Helio G25 Processor | 5000 mAh Battery
OPPO A74 5G (Fantastic Purple,6GB RAM,128GB Storage) with No Cost EMI/Additional Exchange Offers
Apple iPhone 13 Mini (128GB) - Pink
Apple iPhone 13 Pro (128GB) - Silver
Redmi 9A Sport (Carbon Black, 2GB RAM, 32GB Storage) | 2GHz Octa-core Helio G25 Processor | 5000 mAh Battery
Samsung Galaxy M12 (Black,4GB RAM, 64GB Storage) 6000 mAh with 8nm Processor | True 48 MP Quad Camera | 90Hz Refresh Rate
Samsung Galaxy M12 (White,4GB RAM, 64GB Storage) 6000 mAh with 8nm Processor | True 48 MP Quad Camera | 90Hz Refresh Rate
Samsung Galaxy M12 (Blue,6GB RAM, 128GB Storage) 6 Months Free Screen Replacement for Prime
Jio Phone Next 32 GB ROM, 2 GB RAM, Blue Smartphone
Redmi 10 Prime (Phantom Black 4GB RAM 64GB | Helio G88 with extendable RAM Upto 2GB | FHD+ 90Hz Adaptive Sync Display)
Samsung Galaxy M33 5G (Deep Ocean Blue, 8GB, 128GB Storage) | Travel Adapter to be Purchased Separately
Nokia 5310 Dual SIM Keypad Phone with MP3 Player, Wireless FM Radio and Rear Camera with Flash | White/Red
realme narzo 50A (Oxygen Blue , 4GB RAM + 128 GB Storage) Helio G85 Processor | 50MP AI Triple Camera | 6000 mAh Battery
Nokia 105 Single SIM (Black)
Nokia 150 (2020) (Black)
realme narzo 50A (Oxygen Blue , 4GB RAM + 64 GB Storage) Helio G85 Processor | 50MP AI Triple Camera | 6000 mAh Battery
Apple iPhone 12 Mini (64GB) - White
Apple iPhone 13 Pro Max (128GB) - Silver]]>
  </system-out>
  <testcase classname="com.qa.testscripts.TC_Amazon_002" name="searchItem" time="2.811"/>
  <system-out>
    <![CDATA[The user is on amazon home page
The title have the search item
Vaseline Intensive Care 24 hr nourishing Cocoa Glow Body Lotion with Cocoa And Shea Butter, Restores Glow for all skin type - 400 ml]]>
  </system-out>
  <testcase classname="com.qa.testscripts.TC_Amazon_002" name="searchItem" time="5.217"/>
  <system-out>
    <![CDATA[The user is on amazon home page
The title have the search item
How To Win Friends & Influence People, International Bestseller
Most Influential Classics of All Time (Box Set of 4 Books)
The Da Vinci Code: (Robert Langdon Book 2) (Robert Langdon, 2)
The Da Vinci Code (Abridged Edition)
DA VINCI CODE
Davinci Code
The Da Vinci Code 10th Anniversary Edition
The Da Vinci Code
Breaking the Da Vinci Code
The Da Vinci Code
Pandit Vishnu Sharma's Panchatantra: Illustrated Tales From Ancient India (Hardback, Special edition)
The Ultimate Colouring Book - Set of 12 Books
The Da Vinci Code: A Novel: 2 (Robert Langdon)
The Da Vinci Code
The Da Vinci Code: Facts and Fallacies at the 92nd Street Y
The Da Vinci Code
The Da Vinci Code Revisited
The Da Vinci Code: (Robert Langdon Book 2)+The Lost Symbol: (Robert Langdon Book 3)(Set of 2books)
Beyond Da Vinci Code: Pt. 3: Toward the Social Rejuvenation of Humankind, Understanding the Prevailing Capitalism as a Cult of Anti-christianity ... Capitalism as a Cult of Anti-christianity)
Cracking the Da Vinci Code: The Unauthorized Guide to the Facts Behind the Fiction
World’s Greatest Classics (Box Set of 4 Books)
My Inventions, Autobiography of Nikola Tesla]]>
  </system-out>
  <testcase classname="com.qa.testscripts.TC_Amazon_002" name="searchItem" time="3.802"/>
  <system-out>
    <![CDATA[The user is on amazon home page
The title have the search item
AmazonBasics 6.5 kg Fully-Automatic Top Load Washing Machine (Grey/Black, Full Metal body, LED Display)
IFB SERENA ZSS 7010 Fully Automatic Front Load Washing Machine 7 KG, Silver
Samsung 6.5 kg Fully-Automatic Top Loading Washing Machine (WA65A4002VS/TL, Imperial Silver, Diamond Drum)
Samsung 6.5 Kg 5 Star Inverter Fully-Automatic Top Loading Washing Machine (WA65T4262GG/TL, Light Grey, Wobble technology)
Whirlpool 7 Kg 5 Star Semi-Automatic Top Loading Washing Machine (SUPERB ATOM 7.0, Grey Dazzle, TurboScrub Technology)
Panasonic Econavi 8 Kg 5 Star Built-In Heater Fully-Automatic Top Loading Washing Machine (NA-F80V9LRB, Silver, Stain Master+)
Panasonic 6.5 kg 5 Star Semi-Automatic Top Loading Washing Machine (NA-W65E5ARB, Blue, Powerful Motor)
Bosch 6 kg 5 Star Inverter Fully Automatic Front Loading Washing Machine with In - built Heater (WLJ2016WIN, White )
LG 6.5 Kg 5 Star Smart Inverter Fully-Automatic Top Loading Washing Machine (T65SKSF4Z, Middle Free Silver)
IFB 6 Kg 5 Star Fully Automatic Front Loading Washing Machine (Diva Aqua SX, Silver, Express wash)
Whirlpool 7 Kg 5 Star Royal Fully-Automatic Top Loading Washing Machine (WHITEMAGIC ROYAL 7.0 GENX, Grey, Hard Water Wash)
Samsung 7 Kg 5 Star Inverter Fully-Automatic Top Loading Washing Machine (WA70T4262GS/TL, Imperial Silver, Wobble technology)
Samsung 6.0 Kg Inverter 5 Star Fully-Automatic Front Loading Washing Machine (WW60R20GLMA/TL, White, Hygiene Steam)
Whirlpool 6 Kg 5 Star Semi-Automatic Top Loading Washing Machine (SUPERB ATOM 60I, Grey Dazzle)
Whirlpool 7.5 Kg 5 Star Semi-Automatic Top Loading Washing Machine (ACE 7.5 SUPREME, Grey Dazzle)
IFB ELENA ZSS Fully Automatic Front Load Washing Machine 6.5 KG
IFB NEO DIVA VXS 7010 Fully Automatic Front Load Washing Machine 7 KG
LG 7 kg 5 Star Inverter Fully-Automatic Top Loading Washing Machine (T70SKSF1Z, Middle Free Silver, TurboDrum)
Whirlpool 7 Kg 5 Star Royal Plus Fully-Automatic Top Loading Washing Machine (WHITEMAGIC ROYAL PLUS 7.0, Grey, Hard Water Wash)
Whirlpool 7.5 Kg 5 Star Royal Plus Fully-Automatic Top Loading Washing Machine (WHITEMAGIC ROYAL PLUS 7.5, Grey, Hard Water Wash)
Godrej 6.2 Kg Fully-Automatic Top Loading Washing Machine (WT EON 620 A Gp Gr, Grey)
Panasonic 7 Kg 5 Star Fully-Automatic Top Loading Washing Machine (NA-F70LF1HRB, Grey)
Onida 7 Kg 5 Star Semi-Automatic Top Loading Washing Machine (S70OIB, White)
Bosch 8 kg 5 Star Inverter Touch Control Fully Automatic Front Loading Washing Machine with In- built Heater (WAJ2426MIN,White)
IFB 8 Kg 5 Star Fully-Automatic Front Loading Washing Machine (Senator WXS, Silver)
DMR Portable 3 kg Mini Top-Load Washing Machine with Dryer Basket (DMR 30-1208, Black)
DMR 46-1218 4.6Kg Top Loading Washing Machine, Blue
Whirlpool 10.5 kg 5 Star Semi-Automatic Top Loading Washing Machine (ACE XL 10.5, Graphite Grey, 3D Scrub Technology)
Godrej 6 Kg 5 Star Fully-Automatic Top Loading Washing Machine (WTEON 600 AD 5.0 ROGR, Grey, Acu Wash Drum)
IFB NEO DIVA VXS 6010 Fully Automatic Front Load Washing Machine 6 KG, White
Samsung 6.5 kg Fully-Automatic Top Loading Washing Machine (WA65A4002VS/TL, Imperial Silver, Diamond Drum)]]>
  </system-out>
</testsuite> <!-- com.qa.testscripts.TC_Amazon_002 -->
