<?xml version="1.0" encoding="UTF-8"?>
<!-- Generated by org.testng.reporters.JUnitReportReporter -->
<testsuite hostname="JyothiCyril" failures="0" tests="2" name="com.qa.testscripts.TC_Amazon_006" time="39.168" errors="0" timestamp="2022-04-20T10:33:37 IST" skipped="0">
  <testcase classname="com.qa.testscripts.TC_Amazon_006" name="scrollByVertical" time="30.393"/>
  <system-out/>
  <testcase classname="com.qa.testscripts.TC_Amazon_006" name="scrollByElementPrensent" time="8.775"/>
  <system-out>
    <![CDATA[The user is landed on Careers page]]>
  </system-out>
</testsuite> <!-- com.qa.testscripts.TC_Amazon_006 -->
