<?xml version="1.0" encoding="UTF-8"?>
<!-- Generated by org.testng.reporters.JUnitReportReporter -->
<testsuite hostname="JyothiCyril" failures="0" tests="1" name="com.qa.testscripts.TC_DragandDrop_001" time="3.381" errors="0" timestamp="2022-04-20T09:10:31 IST" skipped="0">
  <testcase classname="com.qa.testscripts.TC_DragandDrop_001" name="dragdrop" time="3.381"/>
  <system-out/>
</testsuite> <!-- com.qa.testscripts.TC_DragandDrop_001 -->
