<?xml version="1.0" encoding="UTF-8"?>
<!-- Generated by org.testng.reporters.JUnitReportReporter -->
<testsuite hostname="JyothiCyril" failures="0" tests="1" name="com.qa.testscripts.TC_WorkingWithMultipleWins_001" time="12.751" errors="0" timestamp="2022-04-20T09:48:01 IST" skipped="0">
  <testcase classname="com.qa.testscripts.TC_WorkingWithMultipleWins_001" name="multipleWindows" time="12.751"/>
  <system-out>
    <![CDATA[Citi India - Credit Cards, Personal & Home Loans, Investment, Wealth Management & Banking
https://www.online.citibank.co.in/?eOfferCode=INHOGNTHECIIN
https://www.online.citibank.co.in/portal/newgen/cards/tab/apply-now.htm?Couponcode=CITI2000&site=PORTAL&creative=NGX&section=INHOCCTHEAPPLY&agencyCode=XER&campaignCode=&productCode=&eOfferCode=INHOMTOPAPPLY
https://www.online.citibank.co.in/press-room/citi-in-india.htm?eOfferCode=INHOGNTHEABOUS
https://www.online.citibank.co.in/customerservice/home.htm?eOfferCode=INHOGNTHECONTU
https://www.online.citibank.co.in/portal/important-communication.htm?eOfferCode=INHOIVTFECHD
javascript:void(0);
javascript:void(0);
javascript:void(0);
javascript:void(0)
javascript:void(0)
javascript:void(0);
javascript:;
https://www.online.citibank.co.in/portal/newgen/cards/tab/apply-now.htm?Couponcode=CITI2000&site=PORTAL&creative=NGX&section=INHOCCTHEAPP&agencyCode=XER&campaignCode=&productCode=&eOfferCode=INHOMTOPAPPLY
https://www.online.citibank.co.in/press-room/citi-in-india.htm?eOfferCode=INHOGNTHEABOU
https://www.online.citibank.co.in/customerservice/home.htm?eOfferCode=INHOGNTHECONT
https://www.online.citibank.co.in/portal/important-communication.htm?eOfferCode=INHOIVTFECH
javascript:;
javascript:;
javascript:;
javascript:;
https://www.online.citibank.co.in/
https://www.online.citibank.co.in/citihelp/index.htm?eOfferCode=INHOHPHeader
https://www.online.citibank.co.in/
https://www.online.citibank.co.in/?eOfferCode=INHOGNTTNHOME
javascript:;
javascript:;
javascript:;
javascript:;
javascript:;
javascript:;
javascript:;
https://www.online.citibank.co.in/special-offers/home/index.html?eOfferCode=INDCITISOHI
https://www.online.citibank.co.in/citi-nri.htm?eOfferCode=INHONRIBTTNNRIB
https://www.online.citibank.co.in/?eOfferCode=INHOGNTTNHOME
https://www.online.citibank.co.in/products-services/banking/bank-account/banking.htm?eOfferCode=INCCUBNK
https://www.online.citibank.co.in/credit-card/credit-card.htm?eOfferCode=PNSPSCC
https://www.online.citibank.co.in/products-services/loans/loans.htm?eOfferCode=INCCULS
https://www.online.citibank.co.in/products-services/home-loans/mortgage-loans.htm?eOfferCode=INCMMHOMELOANS
https://www.online.citibank.co.in/products-services/investments/investments-home.htm?eOfferCode=INHOWEALTH
https://www.online.citibank.co.in/products-services/insurance/insurance.htm?eOfferCode=INHOMMINSU
https://www.online.citibank.co.in/products-services/online-services/online-services-home.htm?eOfferCode=INCCUONSER
https://www.online.citibank.co.in/special-offers/home/index.html?eOfferCode=INHOSOTTNSPOF
https://www.online.citibank.co.in/citi-nri.htm?eOfferCode=INHONRIBTTNNRIB
https://www.online.citibank.co.in/citihelp/index.htm?eOfferCode=INHOHPHeader
javascript:;
https://www.online.citibank.co.in/products-services/banking/bank-account/banking.htm?eOfferCode=INHOBATMMPEBA
https://www.online.citibank.co.in/cpc.htm?eOfferCode=INHOBATMMCPCL
https://www.online.citibank.co.in/products-services/banking/citigold/citigold.htm?eOfferCode=INHOBATMMCIGO
https://www.online.citibank.co.in/products-services/banking/Citi-Priority.htm?eOfferCode=INHOBATMMCTPY
https://www.online.citibank.co.in/products-services/banking/suvidha/suvidha-salary-account.htm?site=PORTAL&creative=NGX&section=INHOBATMMCSUV&agencyCode=XER&campaignCode=&productCode=&eOfferCode=INHOBATMMCSUV
https://www.online.citibank.co.in/products-services/commercial-bank/global-banking/global-banking.htm?eOfferCode=INHOBATMMGBAN
https://www.online.citibank.co.in/products-services/commercial-bank/citi-business.htm?eOfferCode=INHOBATMMCIBU
https://www.online.citibank.co.in/products-services/commercial-bank/citibusiness-account.htm?eOfferCode=INMMCBTLNCIBA
https://www.online.citibank.co.in/products-services/commercial-bank/citibusiness-loans.htm?eOfferCode=INMMCBTLNCIBL
https://www.online.citibank.co.in/products-services/commercial-bank/foreign-exchange.htm?eOfferCode=INMMCBTLNFOEX
https://www.online.citibank.co.in/products-services/commercial-bank/trade-finance-services.htm?eOfferCode=INMMCBTLNTRSE
https://www.online.citibank.co.in/products-services/investments/investments-home.htm?eOfferCode=INMMCBLMS
https://www.online.citibank.co.in/products-services/commercial-bank/citibusiness-leap.htm?eOfferCode=INMMCBTLNCIBLA
https://www.online.citibank.co.in/products-services/commercial-bank/citibusiness-oneworld.htm?eOfferCode=INMMCBTLNCIBA
https://www.online.citibank.co.in/products-services/commercial-bank/citi-business-world-debit-card.htm?eOfferCode=CBDropDown
https://www.online.citibank.co.in/portal/newgen/corporate/global_commercial_banking/CRB/crb_home.htm?eOfferCode=INHOBATMMCCBA
https://www.online.citibank.co.in/portal/newgen/corporate/product_services/corporate_home/corporate_home.htm?eOfferCode=INHOBATMMCOBA
https://www.online.citibank.co.in/portal/newgen/corporate/product_services/trade_solutions.htm?eOfferCode=INHOBATMMTRSO
https://www.online.citibank.co.in/products-services/loans/loans.htm?eOfferCode=INHOBATMMLOAN
https://www.online.citibank.co.in/portal/newgen/corporate/product_services/markets.htm?eOfferCode=INHOBATMMMARK
https://www.online.citibank.co.in/products-services/online-services/online-services-home.htm?eOfferCode=INHOBATMMONSE
https://www.online.citibank.co.in/products-services/online-services/statement-on-email.htm?eOfferCode=INHOBATMMESTA
https://www1.online.citibank.co.in/banking/positive-pay?eOfferCode=INCITIBPOSPY
https://www.online.citibank.co.in/portal/standalone/Dec15/Banking/htm/fatca-crs.htm?eOfferCode=INHOBATMMFATCACRS
https://www.online.citibank.co.in/products-services/investments/deposits/deposits.htm?tab=jump2&tc=timeDeposit&eOfferCode=INHOBATMMINRA
https://www.online.citibank.co.in/customerservice/download_forms.htm?eOfferCode=INHOBATMMUSEF
https://www.online.citibank.co.in/soc/schedule-of-fees-and-charges.htm?eOfferCode=INHOBATMMFECH
https://www.online.citibank.co.in/portal/Standalone/Jul16/Banking/htm/Important-Information/ImportantInformation.htm?eOfferCode=INCCUIMTN
https://www.online.citibank.co.in/portal/newgen/seo/banking/images/RTGSCITI.pdf
https://www.online.citibank.co.in/products-services/online-services/oxygen-service-disclaimer.htm?eOfferCode=PREMOBRECNW
https://www.online.citibank.co.in/products-services/banking/Inward-Remittance/Inward-Remittance.htm?eOfferCode=INBABATLNINRM
https://www.online.citibank.co.in/portal/standalone/mgm-affluent1/referral-form.htm?eOfferCode=BNKGMMREFNOWBNR
https://www.online.citibank.co.in/portal/standalone/mgm-affluent1/referral-form.htm?eOfferCode=BNKGMMREFNOWBNR
https://www.online.citibank.co.in/products-services/banking/bank-account/banking.htm?eOfferCode=INHOBATMMPEBA
https://www.online.citibank.co.in/cpc.htm?eOfferCode=INHOBATMMCPCL
https://www.online.citibank.co.in/products-services/banking/citigold/citigold.htm?eOfferCode=INHOBATMMCIGO
https://www.online.citibank.co.in/products-services/banking/Citi-Priority.htm?eOfferCode=INHOBATMMCTPY
https://www.online.citibank.co.in/products-services/banking/suvidha/suvidha-salary-account.htm?site=PORTAL&creative=NGX&section=INHOBATMMCSUV&agencyCode=XER&campaignCode=&productCode=&eOfferCode=INHOBATMMCSUV
https://www.online.citibank.co.in/products-services/commercial-bank/global-banking/global-banking.htm?eOfferCode=INHOBATMMGBAN
https://www.online.citibank.co.in/products-services/banking/Citi-Priority-Account-form.htm?site=PORTAL&creative=NGX&section=INCCACITPRITY&agencyCode=XER&campaignCode=&productCode=&eOfferCode=INCCACITPRITY
https://www.online.citibank.co.in/portal/newgen/corporate/global_commercial_banking/gcb_home.htm?eOfferCode=INHOBATMMSMEB
https://www.online.citibank.co.in/products-services/commercial-bank/citi-business.htm?eOfferCode=INHOBATMMCIBU
https://www.online.citibank.co.in/portal/newgen/corporate/global_commercial_banking/CRB/crb_home.htm?eOfferCode=INHOBATMMCCBA
https://www.online.citibank.co.in/portal/newgen/corporate/product_services/corporate_home/corporate_home.htm?eOfferCode=INHOBATMMCOBA
https://www.online.citibank.co.in/portal/newgen/corporate/product_services/trade_solutions.htm?eOfferCode=INHOBATMMTRSO
https://www.online.citibank.co.in/products-services/loans/loans.htm?eOfferCode=INHOBATMMLOAN
https://www.online.citibank.co.in/portal/newgen/corporate/product_services/markets.htm?eOfferCode=INHOBATMMMARK
https://www.online.citibank.co.in/products-services/commercial-bank/citibusiness-account-apply-now.htm?eOfferCode=INCCACICBAPBTN
https://www.online.citibank.co.in/portal/standalone/Dec15/Banking/htm/fatca-crs.htm?eOfferCode=INHOBATMMFATCACRS
https://www.online.citibank.co.in/products-services/online-services/online-services-home.htm?eOfferCode=INHOBATMMONSE
https://www.online.citibank.co.in/products-services/online-services/statement-on-email.htm?eOfferCode=INHOBATMMESTA
https://www.online.citibank.co.in/products-services/investments/deposits/deposits.htm?tab=jump2&tc=timeDeposit&eOfferCode=INHOBATMMINRA
https://www.online.citibank.co.in/customerservice/download_forms.htm?eOfferCode=INHOBATMMUSEF
https://www.online.citibank.co.in/soc/schedule-of-fees-and-charges.htm?eOfferCode=INHOBATMMFECH
https://www.online.citibank.co.in/portal/Standalone/Jul16/Banking/htm/Important-Information/ImportantInformation.htm?eOfferCode=INCCUIMTN
https://www.online.citibank.co.in/portal/newgen/seo/banking/images/RTGSCITI.pdf
https://www.online.citibank.co.in/products-services/online-services/oxygen-service-disclaimer.htm?eOfferCode=PREMOBRECNW
https://www.online.citibank.co.in/products-services/banking/Inward-Remittance/Inward-Remittance.htm?eOfferCode=INBABATLNINRM
https://www.online.citibank.co.in/products-services/banking/Citi-Priority-Account-form.htm?eOfferCode=INHOBATMMCTPYFRM
https://www.online.citibank.co.in/portal/newgen/cards/tab/apply-now.htm?cardName=platinumcard&site=PORTAL&creative=NGX&section=INCCOVIMGIOCCRDBTN&agencyCode=XER&campaignCode=&productCode=&eOfferCode=INHOINOPLMCAD
https://www.online.citibank.co.in/portal/newgen/cards/tab/apply-now.htm?cardName=rewardscard&site=PORTAL&creative=NGX&section=INCCOVIMGREWCRDBTN&agencyCode=XER&campaignCode=&productCode=&eOfferCode=INHOCITIRESCAD
https://www.online.citibank.co.in/portal/newgen/cards/tab/apply-now.htm?cardName=premiermiles&site=PORTAL&creative=NGX&section=INCCOVIMGPRMCRDBTN&agencyCode=XER&campaignCode=&productCode=&eOfferCode=INHOCITIPREMICAD
https://www.online.citibank.co.in/portal/newgen/cards/tab/apply-now.htm?cardName=cashback&site=PORTAL&creative=NGX&section=INCCOVIMGCBCCRDBTN&agencyCode=XER&campaignCode=&productCode=&eOfferCode=INHOCITICASHBAKCRD
https://www.online.citibank.co.in/credit-card/citi-prestige/apply.htm?cardName=presige&site=PORTAL&creative=NGX&section=INCCOVIMGPRESCCRDBTN&agencyCode=XER&campaignCode=&productCode=&eOfferCode=INHOCITIPRESTIGECRD
https://www.online.citibank.co.in/credit-card/instant-approval/card-selection.htm?Couponcode=CITI4000&eOfferCode=INHOAPPFCRECRD
https://www.online.citibank.co.in/credit-card/credit-card.htm?eOfferCode=INHOVEWALCRD
https://asia.citi.com/india/InstantApplication/CheckUserStatus.aspx?eOfferCode=INHOCHKUSRSTATS
https://www.online.citibank.co.in/#inline2
https://asia.citi.com/india/EMGM_Referral/MGMDashBoard/Login.aspx
https://www.online.citibank.co.in/special-offers/home/index.html?eOfferCode=INHOSOTTNSPOF
https://www.online.citibank.co.in/soc/schedule-of-fees-and-charges.htm?eOfferCode=INHOSOFACHRS
https://www.online.citibank.co.in/portal/newgen/cards/cardmember.pdf
https://www.online.citibank.co.in/portal/newgen/cards/tab/citi-corporate-card.htm?eOfferCode=INHOCITICORCRD
https://www.online.citibank.co.in/portal/newgen/cards/tab/creditcards_tc.htm?eOfferCode=INHOCRETCRDTC#termsmitc
https://www.online.citibank.co.in/credit-cards/Citi-Quickcash/personal-loan-on-credit-card?eOfferCode=INCCMMINSLCCR
https://www.online.citibank.co.in/products-services/online-services/statement-on-email.htm?eOfferCode=INHOSTTOEMAL
https://www.citibank.co.in/ibank/login/IQPin1.jsp?dOfferCode=RBILIMIT
https://www.online.citibank.co.in/citihelp/topics/cards/transactions-security-enhancement/index.htm?eOfferCode=INCITICHLPCDTRSSTET
https://www.online.citibank.co.in/credit-cards/Citi-Quickcash/personal-loan-on-credit-card?eOfferCode=INCCMMINSLCCB
https://www.online.citibank.co.in/portal/newgen/cards/tab/rewards-home.htm?eOfferCode=INHOREWDSHOM
https://www.online.citibank.co.in/portal/blogs/credit-card/card-you-choose/index.html?eOfferCode=INCITICCRDCD
https://www.online.citibank.co.in/products-services/loans/loans.htm?eOfferCode=INHOLOTMMLOOV
https://www.online.citibank.co.in/products-services/loans/ready-cash-personal-loan.htm?eOfferCode=INHOLOTMMPELO
https://www1.online.citibank.co.in/Loans/Buy-Now-Pay-Later?eOfferCode=INHOBYNWPYLTR
https://www.online.citibank.co.in/credit-cards/Citi-Quickcash/personal-loan-on-credit-card?eOfferCode=INHOLOTMMPALO
https://www.online.citibank.co.in/products-services/banking/suvidha/ready-credit.htm?eOfferCode=INHOLOTMMRECR
https://www.online.citibank.co.in/products-services/loans/loan-on-commercial-vehicle-construction-equipment.htm?eOfferCode=INHOLOTMMLCVCE
https://www.online.citibank.co.in/products-services/commercial-bank/citibusiness-loans.htm?eOfferCode=INLOSMTLNCIBL
https://www.citibank.co.in/ibank/login/IQPinInter.jsp?dOfferCode=LOANONCRED
https://www.online.citibank.co.in/portal/Standalone/Oct17/form-bulider/personal-loan/ready-cash-personal-loan-form.htm?site=PORTAL&creative=NGX&section=INHOLOTMMRDCH&agencyCode=XER&campaignCode=form-builder&productCode=&eOfferCode=INMGMLOFBAPL
https://www.online.citibank.co.in/products-services/EMI-calc/EMI-Calculator.html?site=PORTAL&creative=NGX&section=INHOLOTMMPLEM&agencyCode=XER&campaignCode=&productCode=&eOfferCode=INHOLOTMMPLEM
https://www.online.citibank.co.in/products-services/loans/emergency-credit-line-guarantee-scheme.pdf
https://www.online.citibank.co.in/products-services/online-services/online-services-home.htm?eOfferCode=INHOLOTMMONSE
https://www.online.citibank.co.in/products-services/loans/pdfs/Pricing-Grid.htm#tblr
https://www.online.citibank.co.in/customerservice/download_forms.htm?eOfferCode=INHOLOTMMUSFO
https://www.online.citibank.co.in/soc/schedule-of-fees-and-charges.htm?eOfferCode=INHOLOTMMFECH
https://www.online.citibank.co.in/products-services/online-services/personal-loan-emi.htm?eOfferCode=INCITIPERLOEMI
https://www.online.citibank.co.in/customerservice/home.htm?eOfferCode=INHOLOTMMCOUS
https://www.online.citibank.co.in/products-services/loans/ready-cash-personal-loan-form.htm?site=PORTAL&creative=NGX&section=INHOLOTMMRECE&agencyCode=XER&campaignCode=&productCode=&eOfferCode=INHOLOTMMRECE
https://www.online.citibank.co.in/products-services/home-loans/home-loan.htm?eOfferCode=INHOLOTMMCIHL
https://www.online.citibank.co.in/loans/home-loans/common-lead-form/index.htm?site=PORTAL&creative=NGX&section=INHOLOTMMHLCB&agencyCode=XER&campaignCode=&productCode=&eOfferCode=INHOLOTMMHLCB
https://www.online.citibank.co.in/products-services/loans/loan-against-property.htm?eOfferCode=INHOLOTMMCLAP
https://www.online.citibank.co.in/loans/home-loans/common-lead-form/index.htm?eOfferCode=INCCULAPRTY
https://www.online.citibank.co.in/products-services/home-loans/home-loan-transfer.htm?eOfferCode=INCITIHOMLONTRNS
https://www.online.citibank.co.in/loans/home-loans/common-lead-form/index.htm?eOfferCode=INCCUTPECK
https://www.online.citibank.co.in/products-services/home-loans/home-loan-top-up.htm?eOfferCode=INCITIHOMLONTOPUP
https://www.online.citibank.co.in/loans/home-loans/common-lead-form/index.htm?eOfferCode=INCCUTELC
https://www.online.citibank.co.in/products-services/home-loans/home-loan-comparison.htm?eOfferCode=INCITIHOMLONCOMPR
https://www.online.citibank.co.in/products-services/home-loans/home-loan-emi-calculator.htm?eOfferCode=INHOLOTMMHLEM
https://www.online.citibank.co.in/products-services/home-loans/home-loan-eligibility-calculator.htm?eOfferCode=INCITIHMLNELCAL
https://www.online.citibank.co.in/products-services/home-loans/mortgage-calculator.htm?eOfferCode=INCITIMORTCAL
https://www.online.citibank.co.in/products-services/online-services/home-loan-emi.htm?eOfferCode=INCITIHOMELEMI
https://www.online.citibank.co.in/products-services/loans/pdfs/Pricing-Grid.htm?eOfferCode=INCITIPRCGRD
https://www.online.citibank.co.in/products-services/loans/faq.htm?eOfferCode=INCITILONFAQ
https://www.online.citibank.co.in/products-services/loans/pdfs/TBLR-rate.htm?eOfferCode=INLOLNTBLRRATE
https://www.online.citibank.co.in/products-services/property/citibank-approved-properties.htm?eOfferCode=INCITIAPPRTS
https://www.online.citibank.co.in/products-services/loans/pdfs/Mortgages-Interest-Rate-Range.htm?eOfferCode=INLMOINTRARAN
https://www.online.citibank.co.in/portal/Standalone/May16/Loans/pdf/Reference-Rate/reference-rate.htm?eOfferCode=INLREFRATE
https://www.online.citibank.co.in/portal/newgen/nri/pdfs/Mortgage-Sales-Touch-Points.pdf
https://www.online.citibank.co.in/products-services/home-loans/home-credit.htm?eOfferCode=INHLHLNAVHC
https://www.online.citibank.co.in/products-services/loans/pdfs/Quarter2021-1.pdf
https://www.online.citibank.co.in/products-services/loans/pdfs/Citi-homeloans.pdf
https://www.online.citibank.co.in/products-services/loans/pdfs/TBLR-domestic.pdf
https://www.online.citibank.co.in/products-services/loans/pdfs/Domestic-Application-Form.pdf
https://www.online.citibank.co.in/products-services/loans/emergency-credit-line-guarantee-scheme.pdf
https://www.online.citibank.co.in/products-services/investments/investments-home.htm?eOfferCode=INHOINVMENTS
https://www.online.citibank.co.in/products-services/investments/mutual-funds/mutual-funds.htm?eOfferCode=INHOINVMUFD
https://www.online.citibank.co.in/products-services/investments/deposits/deposits.htm?eOfferCode=INHOINVDEPS
https://www.online.citibank.co.in/products-services/investments/demat/demat-account.htm?eOfferCode=INHOINVDETAC
https://www.online.citibank.co.in/products-services/banking/citigold/wealth-insights/weath-insights.htm?eOfferCode=INHOWEAINS
https://www.online.citibank.co.in/products-services/investments/pdfs/CitiChoice-IR1.pdf
https://www.online.citibank.co.in/products-services/banking/citigold/wealth-insights/weath-insights.htm?eOfferCode=INHOINVINDWLIN
https://www.online.citibank.co.in/portal/cbol/ris_calculator.htm?eOfferCode=INHOINVSIPCALC
https://www.online.citibank.co.in/cpc.htm?eOfferCode=INHOBATMMCPCL
https://www.online.citibank.co.in/products-services/banking/citigold/citigold.htm?eOfferCode=INHOCGTTNCIGO
https://www.online.citibank.co.in/products-services/banking/citigold/citigold.htm?eOfferCode=INHOINVAYCGA
https://www.online.citibank.co.in/portal/cbol/ris_calculator.htm?eOfferCode=INHOINVUSLNKSIPCALC
https://www.online.citibank.co.in/products-services/insurance/insurance.htm?eOfferCode=INHOINVBYINS
https://www.online.citibank.co.in/portal/newgen/cards/tab/apply-now.htm?site=PORTAL&creative=NGX&section=INHOINVAPYNW&agencyCode=XER&campaignCode=&productCode=&eOfferCode=INHOINVAPYNW
https://www.online.citibank.co.in/products-services/online-services/online-services-home.htm?eOfferCode=INHOINVONLSVS
https://www.online.citibank.co.in/soc/schedule-of-fees-and-charges.htm?eOfferCode=INHOINVFEECHS
https://www.online.citibank.co.in/customerservice/home.htm?eOfferCode=INHOINVCONTUS
https://www.online.citibank.co.in/products-services/banking/citigold/contact-us/index.htm?eOfferCode=INHOWECWMS&jump=contactus-form
https://www.online.citibank.co.in/products-services/insurance/insurance.htm?eOfferCode=INHOMMINSHO
https://www.online.citibank.co.in/products-services/insurance/life-insurance/life-insurance-home.htm?eOfferCode=INHOINSLIIN
https://www.online.citibank.co.in/products-services/insurance/insurance-form.htm?site=PORTAL&creative=NGX&section=INHOINSALYHTIN&agencyCode=XER&campaignCode=&productCode=&eOfferCode=INHOINSALYHTIN
https://www.online.citibank.co.in/products-services/insurance/health-accident/health-accident-home.htm?eOfferCode=INHOINSHTHIN
https://www.online.citibank.co.in/products-services/insurance/health-accident/smart-cash.htm?eOfferCode=INHOINSHOPCH
https://www.online.citibank.co.in/products-services/insurance/health-accident/personal-accident-plans.htm?eOfferCode=INHOINSPRLAD
https://www.online.citibank.co.in/products-services/insurance/health-accident/super-health-xs.htm?eOfferCode=INHOINSALHTIN
https://www.online.citibank.co.in/products-services/insurance/health-accident/super-health-xs.htm?eOfferCode=INHOINSAPLTU
https://www.online.citibank.co.in/products-services/insurance/non-life-insurance/non-life-insurance-home.htm?eOfferCode=INHOINSNLIS
https://www.online.citibank.co.in/products-services/insurance/insurance-form.htm?site=PORTAL&creative=NGX&section=INHOINBYINS&agencyCode=XER&campaignCode=&productCode=&eOfferCode=INHOINBYINS
https://www.online.citibank.co.in/products-services/banking/citibanking-account.htm?eOfferCode=INHOINSALCBA
https://www.online.citibank.co.in/portal/newgen/cards/tab/apply-now.htm?site=PORTAL&creative=NGX&section=INHOINVAPYNW01&agencyCode=XER&campaignCode=&productCode=&eOfferCode=INHOINVAPYNW01
https://www.online.citibank.co.in/INGCB/portal/citiin/forms/citihealthforever.do
https://www.online.citibank.co.in/products-services/insurance/life-insurance/know-about-insurance.htm?eOfferCode=INHOINSLIEDU
https://www.online.citibank.co.in/products-services/online-services/online-services-home.htm?eOfferCode=INHOOSTOSOV
https://www.online.citibank.co.in/products-services/online-services/internet-banking.htm?eOfferCode=INHOOSTINBA
https://www.online.citibank.co.in/products-services/online-services/citimobile/citi-mobile.htm?eOfferCode=INHOOSCITIMO
https://www.online.citibank.co.in/products-services/online-services/citialert.htm?eOfferCode=INHOOSTCIAL
https://www.online.citibank.co.in/products-services/online-services/statement-on-email.htm?eOfferCode=INHOOSTSTEM
https://www.online.citibank.co.in/products-services/online-services/online-security.htm?eOfferCode=INHOOSTONSE
https://www.online.citibank.co.in/products-services/online-services/imps.htm?eOfferCode=INHOOSIMPS
https://www.online.citibank.co.in/products-services/online-services/imps.htm?eOfferCode=INHOOSTFUTA
https://www.online.citibank.co.in/products-services/online-services/bill-pay.htm?eOfferCode=INHOOSTBILLP
https://www.online.citibank.co.in/products-services/online-services/epay.htm#citiAccount
https://www.online.citibank.co.in/products-services/online-services/epay.htm#nonCitiAccount
https://www.online.citibank.co.in/products-services/online-services/online-tax-remittance.htm?eOfferCode=INHOOSTOTRE
https://www.online.citibank.co.in/portal/blogs/Remit-Funds-Overseas/index.htm?eOfferCode=INHOOSTORFO
javascript:;
https://www.online.citibank.co.in/products-services/online-services/epay.htm?eOfferCode=INHOOSTOCCPAY#neft
https://www.online.citibank.co.in/products-services/online-services/prepaid-mobile-recharge.htm?eOfferCode=INHOOSTREMO
https://www.online.citibank.co.in/products-services/online-services/personal-loan-emi.htm?eOfferCode=INCITILOANEMI
https://www.online.citibank.co.in/products-services/online-services/home-loan-emi.htm?eOfferCode=INCITIHLEMI
https://www.online.citibank.co.in/products-services/online-services/internet-banking.htm?eOfferCode=INHOINBKG
https://www.online.citibank.co.in/customerservice/home.htm?eOfferCode=INHOOSTCOUS
https://www.online.citibank.co.in/products-services/online-services/statement-on-email-form.htm?site=PORTAL&creative=NGX&section=INOSESTWARENO&agencyCode=XER&campaignCode=&productCode=&eOfferCode=INOSESTWARENO
https://www.online.citibank.co.in/products-services/online-services/citi-mobile.htm?eOfferCode=INHOOSTCLHE
https://www.citibank.co.in/ibank/login/IQPin1.jsp?dOfferCode=IRMINVPRT&eOfferCode=INHPS119042022
https://www.online.citibank.co.in/portal/newgen/cards/tab/apply-now.htm?site=PORTAL&creative=NGX&agencyCode=XER&eOfferCode=INHPS212042022&Couponcode=CITI4000
https://www.online.citibank.co.in/special-offers/offer/index.html?cat=Shopping_and_Lifestyle&id=91&eOfferCode=INHPS313042022
https://www.citibank.co.in/ibank/login/IQPinInter.jsp?dOfferCode=LOANONCRED
javascript:;
javascript:;
javascript:;
javascript:;
https://www.online.citibank.co.in/#
https://www.online.citibank.co.in/#
javascript:;
https://www.online.citibank.co.in/#appsignonpop
https://www.citibank.co.in/ssjsps/firsttimeuser.jsp
https://www.citibank.co.in/ssjsps/retrievelogin.jsp
https://www.online.citibank.co.in/portal/demo-video.htm?eOfferCode=INHOGLNVD
https://www.online.citibank.co.in/products-services/insurance/insurance-form.htm?eOfferCode=LeftNavPanel
https://www.online.citibank.co.in/#inline4
https://www.online.citibank.co.in/products-services/banking/citigold/OTA/index.htm?eOfferCode=INHOCGSP
https://www.online.citibank.co.in/products-services/banking/citi-priority/contact-us/index.htm?eOfferCode=HPLeftNavDrpDwn
https://www.online.citibank.co.in/portal/suvidha-corporate/index.htm?eOfferCode=HPLeftNavDropDown
https://www.online.citibank.co.in/portal/newgen/cards/tab/apply-now.htm?cardName=rewardscard&Couponcode=CITI2000&eOfferCode=INHOMLEFTAPPLY
https://www.online.citibank.co.in/products-services/loans/ready-cash-personal-loan-form.htm?site=PORTAL&creative=NGX&section=INHOPLTLNDDPRLO&agencyCode=XER&campaignCode=&productCode=&eOfferCode=INHOPLTLNDDPRLO
https://www.online.citibank.co.in/products-services/loans/home-loan-callback.htm?site=PORTAL&creative=NGX&section=INHOHLTLNDDHOLO&agencyCode=XER&campaignCode=&productCode=&eOfferCode=INHOHLTLNDDHOLO
https://www.online.citibank.co.in/products-services/investments/investments-home.htm?eOfferCode=INHOIVTLNDDINVE
https://www.online.citibank.co.in/credit-cards/Citi-Quickcash/personal-loan-on-credit-card?eOfferCode=INCITIPERLOANCC
https://www.online.citibank.co.in/products-services/banking/suvidha/ready-credit-callback.htm?site=PORTAL&creative=NGX&section=INHORCTLNDDRECR&agencyCode=XER&campaignCode=&productCode=&eOfferCode=INHORCTLNDDRECR
https://www.online.citibank.co.in/products-services/commercial-bank/citibusiness-account-apply-now.htm?site=PORTAL&creative=NGX&section=INBAACBA30102014HPDD&agencyCode=XER&campaignCode=&productCode=&icid=INBAACBA30102014HPDD
https://www.online.citibank.co.in/soc/schedule-of-fees-and-charges.htm?eOfferCode=INHOGNTLNBBFINA
https://www.online.citibank.co.in/portal/pdf/digital-banking/IBA-Advisory.pdf
https://www.online.citibank.co.in/card-offers/rbiorg-disclaimer.htm
https://www.online.citibank.co.in/portal/Standalone/important-notification/downtime-notification.htm?eOfferCode=INSMSDTN
https://www.online.citibank.co.in/portal/Standalone/important-notification/downtime-notification.htm?eOfferCode=INCITIDTNOTION
https://www.online.citibank.co.in/credit-card/instant-approval/card-selection.htm?Couponcode=CITI4000&eOfferCode=INCITIHPBLWLLOGIN
https://www.online.citibank.co.in/portal/newgen/cards/tab/apply-now.htm?cardName=rewardscard&site=PORTAL&creative=NGX&section=INCCOVIMGREWCRD01&agencyCode=XER&campaignCode=&productCode=&eOfferCode=INCCMOBHP&Couponcode=CITI4000
https://www.online.citibank.co.in/portal/Standalone/Oct17/form-bulider/personal-loan/ready-cash-personal-loan-form.htm?eOfferCode=HPBanner
https://www.online.citibank.co.in/products-services/insurance/insurance-form.htm?eOfferCode=HPMobiletile
https://www.online.citibank.co.in/products-services/loans/home-loan-callback.htm?eOfferCode=HPMobiletile
https://www.online.citibank.co.in/products-services/banking/citigold/contact-us/index.htm?eOfferCode=INCITIHPMOB&jump=contactus-form
https://www.online.citibank.co.in/products-services/banking/citi-priority/contact-us/index.htm?eOfferCode=MobileHPTile
https://www.online.citibank.co.in/#appsignonpop
https://www.online.citibank.co.in/#appsignonpop
https://www.citibank.co.in/ssjsps/ssindexmidssi.jsp
https://www.online.citibank.co.in/portal/Digital-Banking/Always-Teach-Digital/ATD.htm?eOfferCode=CBOLHP
https://www.online.citibank.co.in/special-offers/home/index.html?eOfferCode=INDCITISOHI
https://www.online.citibank.co.in/portal/pdf/digital-banking/IBA-Advisory.pdf
https://www.online.citibank.co.in/card-offers/rbiorg-disclaimer.htm
https://www.online.citibank.co.in/portal/Standalone/important-notification/downtime-notification.htm?eOfferCode=INSMSDTN
https://www.online.citibank.co.in/portal/Standalone/important-notification/downtime-notification.htm?eOfferCode=INCITIDTNOTION
https://www.online.citibank.co.in/#inline8
https://www.citibank.co.in/ssjsps/forgetuseridmidssi.jsp
https://www.citibank.co.in/ssjsps/forgotpinmidssi.jsp
javascript:void(0)
https://www.online.citibank.co.in/customerservice/branch-atm-locations.htm?eOfferCode=INHOGNCBBBATM
https://www.online.citibank.co.in/products-services/loans/ready-cash-personal-loan-form.htm?site=PORTAL&creative=NGX&section=HPFOOTERBANNER&agencyCode=XER&campaignCode=&productCode=&eOfferCode=HPFOOTERBANNER
https://www.online.citibank.co.in/#inline2
https://www.online.citibank.co.in/portal/newgen/cards/tab/apply-now.htm?Couponcode=CITI4000&eOfferCode=INHOMPSM1000
https://www.online.citibank.co.in/customerservice/branch-atm-locations.htm?eOfferCode=INHOGNCBBBATM
http://www.citigroup.com/?eOfferCode=INHOGNTFOCITI
javascript:;
https://www.online.citibank.co.in/portal/newgen/disclaimer_tc.htm?eOfferCode=INHOGNTFOTEAC
https://www.online.citibank.co.in/portal/Standalone/Apr16/Credit-Cards/pdf/MCLR/MCLR.pdf
https://www.online.citibank.co.in/portal/newgen/images1/Baserate.pdf
https://www.online.citibank.co.in/policies/key-policies-and-commitments.htm?eOfferCode=INHOGNTFOPOCO
https://www.online.citibank.co.in/privacy/privacy.htm?eOfferCode=INHOGNTFOPRIV
https://www.online.citibank.co.in/products-services/online-services/online-security.htm?eOfferCode=INHOGNTFOSECU
https://www.online.citibank.co.in/sitemap.htm?eOfferCode=INHOGNTFOSIMA
javascript:;
javascript:;
javascript:;
https://www.online.citibank.co.in/special-offers/home/index.html?eOfferCode=INDCITISOHI
https://www.online.citibank.co.in/portal/Digital-Banking/Always-Teach-Digital/ATD.htm?eOfferCode=CBOLHP
https://www.citibank.co.in/ibank/login/IQPinInter.jsp?dOfferCode=LOANONCRED
https://www.online.citibank.co.in/credit-card/instant-approval/card-selection.htm?Couponcode=CITI3000&eOfferCode=INHOMRIGHTAPPLY
https://www.online.citibank.co.in/portal/newgen/cards/tab/indianoil-platinumcard.htm?eOfferCode=INSIDEBANNER
https://www.online.citibank.co.in/credit-card/instant-approval/card-selection.htm?Couponcode=CITI3000&eOfferCode=INHOMRIGHTAPPLY
https://www.online.citibank.co.in/portal/newgen/cards/rewards/citi-rewards-card.htm?eOfferCode=INSIDEBANNER
https://www.online.citibank.co.in/products-services/banking/suvidha/suvidha-salary-account.htm?site=PORTAL&creative=NGX&section=INHOBATMMCSUV&agencyCode=XER&campaignCode=&productCode=&eOfferCode=PRODTRAYHP
https://www.online.citibank.co.in/products-services/banking/citi-priority/index.htm?eOfferCode=INSIDEBANNER
https://www.online.citibank.co.in/credit-card/referral/existing/mgm-referral.htm?section=MGM&campaignCode=creditcards7&eOfferCode=SideApp
https://www.online.citibank.co.in/credit-card/referral/new/mgm-referral.htm?section=MGM&campaignCode=CardNTB1&eOfferCode=SideApp
javascript:;
https://www.online.citibank.co.in/portal/blogs/fraud-awareness/fake-mobile-numbers.htm?eOfferCode=INCCUFAKEBLOG
https://www.online.citibank.co.in/portal/newgen/cards/guardyourcard.htm?eOfferCode=INCCUPINSECST
https://www.online.citibank.co.in/portal/newgen/cards/guardyourcard.htm?eOfferCode=INCCUPHISHST
javascript:;
javascript:void(0);
https://www.online.citibank.co.in/portal/newgen/cards/tab/apply-now.htm?cardName=platinumcard&site=PORTAL&eOfferCode=INCITIHELP2000OVERLAY&Couponcode=CITI2000
https://www.online.citibank.co.in/portal/newgen/cards/tab/apply-now.htm?cardName=cashback&site=PORTAL&eOfferCode=INCITIHELP2000OVERLAY&Couponcode=CITI2000
https://www.online.citibank.co.in/portal/newgen/cards/tab/apply-now.htm?cardName=rewardscard&site=PORTAL&eOfferCode=INCITIHELP2000OVERLAY&Couponcode=CITI2000
https://www.online.citibank.co.in/portal/newgen/cards/tab/apply-now.htm?cardName=premiermiles&site=PORTAL&eOfferCode=INCITIHELP2000OVERLAY&Couponcode=CITI2000
https://www.online.citibank.co.in/portal/suvidha-corporate/index.htm?eOfferCode=ASKCITI
https://www.online.citibank.co.in/products-services/banking/citi-priority/contact-us/index.htm?eOfferCode=INCITICPCONTUS
https://www.online.citibank.co.in/products-services/banking/citigold/contact-us/index.htm?eOfferCode=INCITICGCONTUS
https://www.online.citibank.co.in/cpc/contact-us/index.htm?eOfferCode=INCITICPCCONTUS
https://www.citibank.co.in/ibank/login/IQPin1.jsp
null
https://www.online.citibank.co.in/citihelp/index.htm?eOfferCode=INHONRIBTTNCHELP
null
null

https://www.online.citibank.co.in/portal/kyc/KYC-blog/index.htm?eOfferCode=INHOLPKYCFAQ#home
https://www.online.citibank.co.in/portal/blogs/change-address/index.htm?eOfferCode=INCKCHCACO#home
https://www.online.citibank.co.in/portal/blogs/credit-card-rewards/credit-card-rewards-blog.htm?source=CHS&eOfferCode=INHOLPCCRB#home

https://www.online.citibank.co.in/portal/dormancy-wau/index.htm?eOfferCode=INCITIDORWAU
https://www.online.citibank.co.in/portal/DT/DTBlog/index.htm?eOfferCode=INCITIDTBLOG#home
https://asia.citi.com/india/InstantApplication/InstantAssistNewPhase/InstantAssist/CheckUserStatus/Index?eOfferCode=INHOCHKUSRSTATS
https://www.online.citibank.co.in/citihelp/topics/stay-safe-bank-from-home/index.htm?eOfferCode=INCITISSBH


https://www.online.citibank.co.in/portal/kyc/KYC-blog/index.htm?eOfferCode=INHOLPKYCFAQ#home
https://www.online.citibank.co.in/portal/blogs/change-address/index.htm?eOfferCode=INCKCHCACO#home
https://www.online.citibank.co.in/portal/blogs/credit-card-rewards/credit-card-rewards-blog.htm?source=CHS&eOfferCode=INHOLPCCRB#home


https://www.online.citibank.co.in/portal/DT/DTBlog/index.htm#home
https://www.online.citibank.co.in/citihelp/topics/stay-safe-bank-from-home/index.htm?eOfferCode=INCITISSBH
https://asia.citi.com/india/InstantApplication/InstantAssistNewPhase/InstantAssist/CheckUserStatus/Index?eOfferCode=INHOCHKUSRSTATS
https://www.online.citibank.co.in/portal/dormancy-wau/index.htm?eOfferCode=INCITIDORWAU
https://www.online.citibank.co.in/
https://www.online.citibank.co.in/
https://www.online.citibank.co.in/portal/cards/MGM/MGM-Referal-Exist.html?site=PORTAL&creative=NGX&section=INHOMTT&agencyCode=XER&campaignCode=&productCode=&eOfferCode=CITIHELPSURV
https://www.online.citibank.co.in/portal/cards/MGM/MGM-Referal-Exist.html?site=PORTAL&creative=NGX&section=INHOMTT&agencyCode=XER&campaignCode=&productCode=&eOfferCode=CITIHELPSURV
https://www.online.citibank.co.in/customerservice/home.htm
https://chat.citibank.co.in/IN/WebChat/
https://www.online.citibank.co.in/#
https://www.online.citibank.co.in/#
https://citi.asia/inadvisory
https://www.online.citibank.co.in/portal/Standalone/important-notification/downtime-notification.htm?eOfferCode=INHODWTMAPROLY
Disclaimer
https://www.online.citibank.co.in/?eOfferCode=INHOGNTHECIIN
https://www.online.citibank.co.in/portal/newgen/cards/tab/apply-now.htm?Couponcode=CITI2000&site=PORTAL&creative=NGX&section=INHOCCTHEAPPLY&agencyCode=XER&campaignCode=&productCode=&eOfferCode=INHOMTOPAPPLY
https://www.online.citibank.co.in/press-room/citi-in-india.htm?eOfferCode=INHOGNTHEABOUS
https://www.online.citibank.co.in/customerservice/home.htm?eOfferCode=INHOGNTHECONTU
https://www.online.citibank.co.in/portal/important-communication.htm?eOfferCode=INHOIVTFECHD
javascript:void(0);
javascript:void(0);
javascript:void(0);
javascript:void(0)
javascript:void(0)
javascript:void(0);
javascript:;
https://www.online.citibank.co.in/portal/newgen/cards/tab/apply-now.htm?Couponcode=CITI2000&site=PORTAL&creative=NGX&section=INHOCCTHEAPP&agencyCode=XER&campaignCode=&productCode=&eOfferCode=INHOMTOPAPPLY
https://www.online.citibank.co.in/press-room/citi-in-india.htm?eOfferCode=INHOGNTHEABOU
https://www.online.citibank.co.in/customerservice/home.htm?eOfferCode=INHOGNTHECONT
https://www.online.citibank.co.in/portal/important-communication.htm?eOfferCode=INHOIVTFECH
javascript:;
javascript:;
javascript:;
javascript:;
https://www.online.citibank.co.in/
https://www.online.citibank.co.in/citihelp/index.htm?eOfferCode=INHOHPHeader
https://www.online.citibank.co.in/
https://www.online.citibank.co.in/?eOfferCode=INHOGNTTNHOME
javascript:;
javascript:;
javascript:;
javascript:;
javascript:;
javascript:;
javascript:;
https://www.online.citibank.co.in/special-offers/home/index.html?eOfferCode=INDCITISOHI
https://www.online.citibank.co.in/citi-nri.htm?eOfferCode=INHONRIBTTNNRIB
https://www.online.citibank.co.in/?eOfferCode=INHOGNTTNHOME
https://www.online.citibank.co.in/products-services/banking/bank-account/banking.htm?eOfferCode=INCCUBNK
https://www.online.citibank.co.in/credit-card/credit-card.htm?eOfferCode=PNSPSCC
https://www.online.citibank.co.in/products-services/loans/loans.htm?eOfferCode=INCCULS
https://www.online.citibank.co.in/products-services/home-loans/mortgage-loans.htm?eOfferCode=INCMMHOMELOANS
https://www.online.citibank.co.in/products-services/investments/investments-home.htm?eOfferCode=INHOWEALTH
https://www.online.citibank.co.in/products-services/insurance/insurance.htm?eOfferCode=INHOMMINSU
https://www.online.citibank.co.in/products-services/online-services/online-services-home.htm?eOfferCode=INCCUONSER
https://www.online.citibank.co.in/special-offers/home/index.html?eOfferCode=INHOSOTTNSPOF
https://www.online.citibank.co.in/citi-nri.htm?eOfferCode=INHONRIBTTNNRIB
https://www.online.citibank.co.in/citihelp/index.htm?eOfferCode=INHOHPHeader
javascript:;
https://www.online.citibank.co.in/products-services/banking/bank-account/banking.htm?eOfferCode=INHOBATMMPEBA
https://www.online.citibank.co.in/cpc.htm?eOfferCode=INHOBATMMCPCL
https://www.online.citibank.co.in/products-services/banking/citigold/citigold.htm?eOfferCode=INHOBATMMCIGO
https://www.online.citibank.co.in/products-services/banking/Citi-Priority.htm?eOfferCode=INHOBATMMCTPY
https://www.online.citibank.co.in/products-services/banking/suvidha/suvidha-salary-account.htm?site=PORTAL&creative=NGX&section=INHOBATMMCSUV&agencyCode=XER&campaignCode=&productCode=&eOfferCode=INHOBATMMCSUV
https://www.online.citibank.co.in/products-services/commercial-bank/global-banking/global-banking.htm?eOfferCode=INHOBATMMGBAN
https://www.online.citibank.co.in/products-services/commercial-bank/citi-business.htm?eOfferCode=INHOBATMMCIBU
https://www.online.citibank.co.in/products-services/commercial-bank/citibusiness-account.htm?eOfferCode=INMMCBTLNCIBA
https://www.online.citibank.co.in/products-services/commercial-bank/citibusiness-loans.htm?eOfferCode=INMMCBTLNCIBL
https://www.online.citibank.co.in/products-services/commercial-bank/foreign-exchange.htm?eOfferCode=INMMCBTLNFOEX
https://www.online.citibank.co.in/products-services/commercial-bank/trade-finance-services.htm?eOfferCode=INMMCBTLNTRSE
https://www.online.citibank.co.in/products-services/investments/investments-home.htm?eOfferCode=INMMCBLMS
https://www.online.citibank.co.in/products-services/commercial-bank/citibusiness-leap.htm?eOfferCode=INMMCBTLNCIBLA
https://www.online.citibank.co.in/products-services/commercial-bank/citibusiness-oneworld.htm?eOfferCode=INMMCBTLNCIBA
https://www.online.citibank.co.in/products-services/commercial-bank/citi-business-world-debit-card.htm?eOfferCode=CBDropDown
https://www.online.citibank.co.in/portal/newgen/corporate/global_commercial_banking/CRB/crb_home.htm?eOfferCode=INHOBATMMCCBA
https://www.online.citibank.co.in/portal/newgen/corporate/product_services/corporate_home/corporate_home.htm?eOfferCode=INHOBATMMCOBA
https://www.online.citibank.co.in/portal/newgen/corporate/product_services/trade_solutions.htm?eOfferCode=INHOBATMMTRSO
https://www.online.citibank.co.in/products-services/loans/loans.htm?eOfferCode=INHOBATMMLOAN
https://www.online.citibank.co.in/portal/newgen/corporate/product_services/markets.htm?eOfferCode=INHOBATMMMARK
https://www.online.citibank.co.in/products-services/online-services/online-services-home.htm?eOfferCode=INHOBATMMONSE
https://www.online.citibank.co.in/products-services/online-services/statement-on-email.htm?eOfferCode=INHOBATMMESTA
https://www1.online.citibank.co.in/banking/positive-pay?eOfferCode=INCITIBPOSPY
https://www.online.citibank.co.in/portal/standalone/Dec15/Banking/htm/fatca-crs.htm?eOfferCode=INHOBATMMFATCACRS
https://www.online.citibank.co.in/products-services/investments/deposits/deposits.htm?tab=jump2&tc=timeDeposit&eOfferCode=INHOBATMMINRA
https://www.online.citibank.co.in/customerservice/download_forms.htm?eOfferCode=INHOBATMMUSEF
https://www.online.citibank.co.in/soc/schedule-of-fees-and-charges.htm?eOfferCode=INHOBATMMFECH
https://www.online.citibank.co.in/portal/Standalone/Jul16/Banking/htm/Important-Information/ImportantInformation.htm?eOfferCode=INCCUIMTN
https://www.online.citibank.co.in/portal/newgen/seo/banking/images/RTGSCITI.pdf
https://www.online.citibank.co.in/products-services/online-services/oxygen-service-disclaimer.htm?eOfferCode=PREMOBRECNW
https://www.online.citibank.co.in/products-services/banking/Inward-Remittance/Inward-Remittance.htm?eOfferCode=INBABATLNINRM
https://www.online.citibank.co.in/portal/standalone/mgm-affluent1/referral-form.htm?eOfferCode=BNKGMMREFNOWBNR
https://www.online.citibank.co.in/portal/standalone/mgm-affluent1/referral-form.htm?eOfferCode=BNKGMMREFNOWBNR
https://www.online.citibank.co.in/products-services/banking/bank-account/banking.htm?eOfferCode=INHOBATMMPEBA
https://www.online.citibank.co.in/cpc.htm?eOfferCode=INHOBATMMCPCL
https://www.online.citibank.co.in/products-services/banking/citigold/citigold.htm?eOfferCode=INHOBATMMCIGO
https://www.online.citibank.co.in/products-services/banking/Citi-Priority.htm?eOfferCode=INHOBATMMCTPY
https://www.online.citibank.co.in/products-services/banking/suvidha/suvidha-salary-account.htm?site=PORTAL&creative=NGX&section=INHOBATMMCSUV&agencyCode=XER&campaignCode=&productCode=&eOfferCode=INHOBATMMCSUV
https://www.online.citibank.co.in/products-services/commercial-bank/global-banking/global-banking.htm?eOfferCode=INHOBATMMGBAN
https://www.online.citibank.co.in/products-services/banking/Citi-Priority-Account-form.htm?site=PORTAL&creative=NGX&section=INCCACITPRITY&agencyCode=XER&campaignCode=&productCode=&eOfferCode=INCCACITPRITY
https://www.online.citibank.co.in/portal/newgen/corporate/global_commercial_banking/gcb_home.htm?eOfferCode=INHOBATMMSMEB
https://www.online.citibank.co.in/products-services/commercial-bank/citi-business.htm?eOfferCode=INHOBATMMCIBU
https://www.online.citibank.co.in/portal/newgen/corporate/global_commercial_banking/CRB/crb_home.htm?eOfferCode=INHOBATMMCCBA
https://www.online.citibank.co.in/portal/newgen/corporate/product_services/corporate_home/corporate_home.htm?eOfferCode=INHOBATMMCOBA
https://www.online.citibank.co.in/portal/newgen/corporate/product_services/trade_solutions.htm?eOfferCode=INHOBATMMTRSO
https://www.online.citibank.co.in/products-services/loans/loans.htm?eOfferCode=INHOBATMMLOAN
https://www.online.citibank.co.in/portal/newgen/corporate/product_services/markets.htm?eOfferCode=INHOBATMMMARK
https://www.online.citibank.co.in/products-services/commercial-bank/citibusiness-account-apply-now.htm?eOfferCode=INCCACICBAPBTN
https://www.online.citibank.co.in/portal/standalone/Dec15/Banking/htm/fatca-crs.htm?eOfferCode=INHOBATMMFATCACRS
https://www.online.citibank.co.in/products-services/online-services/online-services-home.htm?eOfferCode=INHOBATMMONSE
https://www.online.citibank.co.in/products-services/online-services/statement-on-email.htm?eOfferCode=INHOBATMMESTA
https://www.online.citibank.co.in/products-services/investments/deposits/deposits.htm?tab=jump2&tc=timeDeposit&eOfferCode=INHOBATMMINRA
https://www.online.citibank.co.in/customerservice/download_forms.htm?eOfferCode=INHOBATMMUSEF
https://www.online.citibank.co.in/soc/schedule-of-fees-and-charges.htm?eOfferCode=INHOBATMMFECH
https://www.online.citibank.co.in/portal/Standalone/Jul16/Banking/htm/Important-Information/ImportantInformation.htm?eOfferCode=INCCUIMTN
https://www.online.citibank.co.in/portal/newgen/seo/banking/images/RTGSCITI.pdf
https://www.online.citibank.co.in/products-services/online-services/oxygen-service-disclaimer.htm?eOfferCode=PREMOBRECNW
https://www.online.citibank.co.in/products-services/banking/Inward-Remittance/Inward-Remittance.htm?eOfferCode=INBABATLNINRM
https://www.online.citibank.co.in/products-services/banking/Citi-Priority-Account-form.htm?eOfferCode=INHOBATMMCTPYFRM
https://www.online.citibank.co.in/portal/newgen/cards/tab/apply-now.htm?cardName=platinumcard&site=PORTAL&creative=NGX&section=INCCOVIMGIOCCRDBTN&agencyCode=XER&campaignCode=&productCode=&eOfferCode=INHOINOPLMCAD
https://www.online.citibank.co.in/portal/newgen/cards/tab/apply-now.htm?cardName=rewardscard&site=PORTAL&creative=NGX&section=INCCOVIMGREWCRDBTN&agencyCode=XER&campaignCode=&productCode=&eOfferCode=INHOCITIRESCAD
https://www.online.citibank.co.in/portal/newgen/cards/tab/apply-now.htm?cardName=premiermiles&site=PORTAL&creative=NGX&section=INCCOVIMGPRMCRDBTN&agencyCode=XER&campaignCode=&productCode=&eOfferCode=INHOCITIPREMICAD
https://www.online.citibank.co.in/portal/newgen/cards/tab/apply-now.htm?cardName=cashback&site=PORTAL&creative=NGX&section=INCCOVIMGCBCCRDBTN&agencyCode=XER&campaignCode=&productCode=&eOfferCode=INHOCITICASHBAKCRD
https://www.online.citibank.co.in/credit-card/citi-prestige/apply.htm?cardName=presige&site=PORTAL&creative=NGX&section=INCCOVIMGPRESCCRDBTN&agencyCode=XER&campaignCode=&productCode=&eOfferCode=INHOCITIPRESTIGECRD
https://www.online.citibank.co.in/credit-card/instant-approval/card-selection.htm?Couponcode=CITI4000&eOfferCode=INHOAPPFCRECRD
https://www.online.citibank.co.in/credit-card/credit-card.htm?eOfferCode=INHOVEWALCRD
https://asia.citi.com/india/InstantApplication/CheckUserStatus.aspx?eOfferCode=INHOCHKUSRSTATS
https://www.online.citibank.co.in/portal/newgen/disclaimer_tc.htm?eOfferCode=INHOGNTFOTEAC#inline2
https://asia.citi.com/india/EMGM_Referral/MGMDashBoard/Login.aspx
https://www.online.citibank.co.in/special-offers/home/index.html?eOfferCode=INHOSOTTNSPOF
https://www.online.citibank.co.in/soc/schedule-of-fees-and-charges.htm?eOfferCode=INHOSOFACHRS
https://www.online.citibank.co.in/portal/newgen/cards/cardmember.pdf
https://www.online.citibank.co.in/portal/newgen/cards/tab/citi-corporate-card.htm?eOfferCode=INHOCITICORCRD
https://www.online.citibank.co.in/portal/newgen/cards/tab/creditcards_tc.htm?eOfferCode=INHOCRETCRDTC#termsmitc
https://www.online.citibank.co.in/credit-cards/Citi-Quickcash/personal-loan-on-credit-card?eOfferCode=INCCMMINSLCCR
https://www.online.citibank.co.in/products-services/online-services/statement-on-email.htm?eOfferCode=INHOSTTOEMAL
https://www.citibank.co.in/ibank/login/IQPin1.jsp?dOfferCode=RBILIMIT
https://www.online.citibank.co.in/citihelp/topics/cards/transactions-security-enhancement/index.htm?eOfferCode=INCITICHLPCDTRSSTET
https://www.online.citibank.co.in/credit-cards/Citi-Quickcash/personal-loan-on-credit-card?eOfferCode=INCCMMINSLCCB
https://www.online.citibank.co.in/portal/newgen/cards/tab/rewards-home.htm?eOfferCode=INHOREWDSHOM
https://www.online.citibank.co.in/portal/blogs/credit-card/card-you-choose/index.html?eOfferCode=INCITICCRDCD
https://www.online.citibank.co.in/products-services/loans/loans.htm?eOfferCode=INHOLOTMMLOOV
https://www.online.citibank.co.in/products-services/loans/ready-cash-personal-loan.htm?eOfferCode=INHOLOTMMPELO
https://www1.online.citibank.co.in/Loans/Buy-Now-Pay-Later?eOfferCode=INHOBYNWPYLTR
https://www.online.citibank.co.in/credit-cards/Citi-Quickcash/personal-loan-on-credit-card?eOfferCode=INHOLOTMMPALO
https://www.online.citibank.co.in/products-services/banking/suvidha/ready-credit.htm?eOfferCode=INHOLOTMMRECR
https://www.online.citibank.co.in/products-services/loans/loan-on-commercial-vehicle-construction-equipment.htm?eOfferCode=INHOLOTMMLCVCE
https://www.online.citibank.co.in/products-services/commercial-bank/citibusiness-loans.htm?eOfferCode=INLOSMTLNCIBL
https://www.citibank.co.in/ibank/login/IQPinInter.jsp?dOfferCode=LOANONCRED
https://www.online.citibank.co.in/portal/Standalone/Oct17/form-bulider/personal-loan/ready-cash-personal-loan-form.htm?site=PORTAL&creative=NGX&section=INHOLOTMMRDCH&agencyCode=XER&campaignCode=form-builder&productCode=&eOfferCode=INMGMLOFBAPL
https://www.online.citibank.co.in/products-services/EMI-calc/EMI-Calculator.html?site=PORTAL&creative=NGX&section=INHOLOTMMPLEM&agencyCode=XER&campaignCode=&productCode=&eOfferCode=INHOLOTMMPLEM
https://www.online.citibank.co.in/products-services/loans/emergency-credit-line-guarantee-scheme.pdf
https://www.online.citibank.co.in/products-services/online-services/online-services-home.htm?eOfferCode=INHOLOTMMONSE
https://www.online.citibank.co.in/products-services/loans/pdfs/Pricing-Grid.htm#tblr
https://www.online.citibank.co.in/customerservice/download_forms.htm?eOfferCode=INHOLOTMMUSFO
https://www.online.citibank.co.in/soc/schedule-of-fees-and-charges.htm?eOfferCode=INHOLOTMMFECH
https://www.online.citibank.co.in/products-services/online-services/personal-loan-emi.htm?eOfferCode=INCITIPERLOEMI
https://www.online.citibank.co.in/customerservice/home.htm?eOfferCode=INHOLOTMMCOUS
https://www.online.citibank.co.in/products-services/loans/ready-cash-personal-loan-form.htm?site=PORTAL&creative=NGX&section=INHOLOTMMRECE&agencyCode=XER&campaignCode=&productCode=&eOfferCode=INHOLOTMMRECE
https://www.online.citibank.co.in/products-services/home-loans/home-loan.htm?eOfferCode=INHOLOTMMCIHL
https://www.online.citibank.co.in/loans/home-loans/common-lead-form/index.htm?site=PORTAL&creative=NGX&section=INHOLOTMMHLCB&agencyCode=XER&campaignCode=&productCode=&eOfferCode=INHOLOTMMHLCB
https://www.online.citibank.co.in/products-services/loans/loan-against-property.htm?eOfferCode=INHOLOTMMCLAP
https://www.online.citibank.co.in/loans/home-loans/common-lead-form/index.htm?eOfferCode=INCCULAPRTY
https://www.online.citibank.co.in/products-services/home-loans/home-loan-transfer.htm?eOfferCode=INCITIHOMLONTRNS
https://www.online.citibank.co.in/loans/home-loans/common-lead-form/index.htm?eOfferCode=INCCUTPECK
https://www.online.citibank.co.in/products-services/home-loans/home-loan-top-up.htm?eOfferCode=INCITIHOMLONTOPUP
https://www.online.citibank.co.in/loans/home-loans/common-lead-form/index.htm?eOfferCode=INCCUTELC
https://www.online.citibank.co.in/products-services/home-loans/home-loan-comparison.htm?eOfferCode=INCITIHOMLONCOMPR
https://www.online.citibank.co.in/products-services/home-loans/home-loan-emi-calculator.htm?eOfferCode=INHOLOTMMHLEM
https://www.online.citibank.co.in/products-services/home-loans/home-loan-eligibility-calculator.htm?eOfferCode=INCITIHMLNELCAL
https://www.online.citibank.co.in/products-services/home-loans/mortgage-calculator.htm?eOfferCode=INCITIMORTCAL
https://www.online.citibank.co.in/products-services/online-services/home-loan-emi.htm?eOfferCode=INCITIHOMELEMI
https://www.online.citibank.co.in/products-services/loans/pdfs/Pricing-Grid.htm?eOfferCode=INCITIPRCGRD
https://www.online.citibank.co.in/products-services/loans/faq.htm?eOfferCode=INCITILONFAQ
https://www.online.citibank.co.in/products-services/loans/pdfs/TBLR-rate.htm?eOfferCode=INLOLNTBLRRATE
https://www.online.citibank.co.in/products-services/property/citibank-approved-properties.htm?eOfferCode=INCITIAPPRTS
https://www.online.citibank.co.in/products-services/loans/pdfs/Mortgages-Interest-Rate-Range.htm?eOfferCode=INLMOINTRARAN
https://www.online.citibank.co.in/portal/Standalone/May16/Loans/pdf/Reference-Rate/reference-rate.htm?eOfferCode=INLREFRATE
https://www.online.citibank.co.in/portal/newgen/nri/pdfs/Mortgage-Sales-Touch-Points.pdf
https://www.online.citibank.co.in/products-services/home-loans/home-credit.htm?eOfferCode=INHLHLNAVHC
https://www.online.citibank.co.in/products-services/loans/pdfs/Quarter2021-1.pdf
https://www.online.citibank.co.in/products-services/loans/pdfs/Citi-homeloans.pdf
https://www.online.citibank.co.in/products-services/loans/pdfs/TBLR-domestic.pdf
https://www.online.citibank.co.in/products-services/loans/pdfs/Domestic-Application-Form.pdf
https://www.online.citibank.co.in/products-services/loans/emergency-credit-line-guarantee-scheme.pdf
https://www.online.citibank.co.in/products-services/investments/investments-home.htm?eOfferCode=INHOINVMENTS
https://www.online.citibank.co.in/products-services/investments/mutual-funds/mutual-funds.htm?eOfferCode=INHOINVMUFD
https://www.online.citibank.co.in/products-services/investments/deposits/deposits.htm?eOfferCode=INHOINVDEPS
https://www.online.citibank.co.in/products-services/investments/demat/demat-account.htm?eOfferCode=INHOINVDETAC
https://www.online.citibank.co.in/products-services/banking/citigold/wealth-insights/weath-insights.htm?eOfferCode=INHOWEAINS
https://www.online.citibank.co.in/products-services/investments/pdfs/CitiChoice-IR1.pdf
https://www.online.citibank.co.in/products-services/banking/citigold/wealth-insights/weath-insights.htm?eOfferCode=INHOINVINDWLIN
https://www.online.citibank.co.in/portal/cbol/ris_calculator.htm?eOfferCode=INHOINVSIPCALC
https://www.online.citibank.co.in/cpc.htm?eOfferCode=INHOBATMMCPCL
https://www.online.citibank.co.in/products-services/banking/citigold/citigold.htm?eOfferCode=INHOCGTTNCIGO
https://www.online.citibank.co.in/products-services/banking/citigold/citigold.htm?eOfferCode=INHOINVAYCGA
https://www.online.citibank.co.in/portal/cbol/ris_calculator.htm?eOfferCode=INHOINVUSLNKSIPCALC
https://www.online.citibank.co.in/products-services/insurance/insurance.htm?eOfferCode=INHOINVBYINS
https://www.online.citibank.co.in/portal/newgen/cards/tab/apply-now.htm?site=PORTAL&creative=NGX&section=INHOINVAPYNW&agencyCode=XER&campaignCode=&productCode=&eOfferCode=INHOINVAPYNW
https://www.online.citibank.co.in/products-services/online-services/online-services-home.htm?eOfferCode=INHOINVONLSVS
https://www.online.citibank.co.in/soc/schedule-of-fees-and-charges.htm?eOfferCode=INHOINVFEECHS
https://www.online.citibank.co.in/customerservice/home.htm?eOfferCode=INHOINVCONTUS
https://www.online.citibank.co.in/products-services/banking/citigold/contact-us/index.htm?eOfferCode=INHOWECWMS&jump=contactus-form
https://www.online.citibank.co.in/products-services/insurance/insurance.htm?eOfferCode=INHOMMINSHO
https://www.online.citibank.co.in/products-services/insurance/life-insurance/life-insurance-home.htm?eOfferCode=INHOINSLIIN
https://www.online.citibank.co.in/products-services/insurance/insurance-form.htm?site=PORTAL&creative=NGX&section=INHOINSALYHTIN&agencyCode=XER&campaignCode=&productCode=&eOfferCode=INHOINSALYHTIN
https://www.online.citibank.co.in/products-services/insurance/health-accident/health-accident-home.htm?eOfferCode=INHOINSHTHIN
https://www.online.citibank.co.in/products-services/insurance/health-accident/smart-cash.htm?eOfferCode=INHOINSHOPCH
https://www.online.citibank.co.in/products-services/insurance/health-accident/personal-accident-plans.htm?eOfferCode=INHOINSPRLAD
https://www.online.citibank.co.in/products-services/insurance/health-accident/super-health-xs.htm?eOfferCode=INHOINSALHTIN
https://www.online.citibank.co.in/products-services/insurance/health-accident/super-health-xs.htm?eOfferCode=INHOINSAPLTU
https://www.online.citibank.co.in/products-services/insurance/non-life-insurance/non-life-insurance-home.htm?eOfferCode=INHOINSNLIS
https://www.online.citibank.co.in/products-services/insurance/insurance-form.htm?site=PORTAL&creative=NGX&section=INHOINBYINS&agencyCode=XER&campaignCode=&productCode=&eOfferCode=INHOINBYINS
https://www.online.citibank.co.in/products-services/banking/citibanking-account.htm?eOfferCode=INHOINSALCBA
https://www.online.citibank.co.in/portal/newgen/cards/tab/apply-now.htm?site=PORTAL&creative=NGX&section=INHOINVAPYNW01&agencyCode=XER&campaignCode=&productCode=&eOfferCode=INHOINVAPYNW01
https://www.online.citibank.co.in/INGCB/portal/citiin/forms/citihealthforever.do
https://www.online.citibank.co.in/products-services/insurance/life-insurance/know-about-insurance.htm?eOfferCode=INHOINSLIEDU
https://www.online.citibank.co.in/products-services/online-services/online-services-home.htm?eOfferCode=INHOOSTOSOV
https://www.online.citibank.co.in/products-services/online-services/internet-banking.htm?eOfferCode=INHOOSTINBA
https://www.online.citibank.co.in/products-services/online-services/citimobile/citi-mobile.htm?eOfferCode=INHOOSCITIMO
https://www.online.citibank.co.in/products-services/online-services/citialert.htm?eOfferCode=INHOOSTCIAL
https://www.online.citibank.co.in/products-services/online-services/statement-on-email.htm?eOfferCode=INHOOSTSTEM
https://www.online.citibank.co.in/products-services/online-services/online-security.htm?eOfferCode=INHOOSTONSE
https://www.online.citibank.co.in/products-services/online-services/imps.htm?eOfferCode=INHOOSIMPS
https://www.online.citibank.co.in/products-services/online-services/imps.htm?eOfferCode=INHOOSTFUTA
https://www.online.citibank.co.in/products-services/online-services/bill-pay.htm?eOfferCode=INHOOSTBILLP
https://www.online.citibank.co.in/products-services/online-services/epay.htm#citiAccount
https://www.online.citibank.co.in/products-services/online-services/epay.htm#nonCitiAccount
https://www.online.citibank.co.in/products-services/online-services/online-tax-remittance.htm?eOfferCode=INHOOSTOTRE
https://www.online.citibank.co.in/portal/blogs/Remit-Funds-Overseas/index.htm?eOfferCode=INHOOSTORFO
javascript:;
https://www.online.citibank.co.in/products-services/online-services/epay.htm?eOfferCode=INHOOSTOCCPAY#neft
https://www.online.citibank.co.in/products-services/online-services/prepaid-mobile-recharge.htm?eOfferCode=INHOOSTREMO
https://www.online.citibank.co.in/products-services/online-services/personal-loan-emi.htm?eOfferCode=INCITILOANEMI
https://www.online.citibank.co.in/products-services/online-services/home-loan-emi.htm?eOfferCode=INCITIHLEMI
https://www.online.citibank.co.in/products-services/online-services/internet-banking.htm?eOfferCode=INHOINBKG
https://www.online.citibank.co.in/customerservice/home.htm?eOfferCode=INHOOSTCOUS
https://www.online.citibank.co.in/products-services/online-services/statement-on-email-form.htm?site=PORTAL&creative=NGX&section=INOSESTWARENO&agencyCode=XER&campaignCode=&productCode=&eOfferCode=INOSESTWARENO
https://www.online.citibank.co.in/products-services/online-services/citi-mobile.htm?eOfferCode=INHOOSTCLHE
http://www.citigroup.com/?eOfferCode=INHOGNTFOCITI
javascript:;
https://www.online.citibank.co.in/portal/newgen/disclaimer_tc.htm?eOfferCode=INHOGNTFOTEAC
https://www.online.citibank.co.in/portal/Standalone/Apr16/Credit-Cards/pdf/MCLR/MCLR.pdf
https://www.online.citibank.co.in/portal/newgen/images1/Baserate.pdf
https://www.online.citibank.co.in/policies/key-policies-and-commitments.htm?eOfferCode=INHOGNTFOPOCO
https://www.online.citibank.co.in/privacy/privacy.htm?eOfferCode=INHOGNTFOPRIV
https://www.online.citibank.co.in/products-services/online-services/online-security.htm?eOfferCode=INHOGNTFOSECU
https://www.online.citibank.co.in/sitemap.htm?eOfferCode=INHOGNTFOSIMA
javascript:;
javascript:;
javascript:;
https://www.online.citibank.co.in/portal/Standalone/important-notification/downtime-notification.htm?eOfferCode=INHODWTMAPROLY
Global Investment Bank and Financial Services | Citi
https://www.citigroup.com/citi/
https://www.citigroup.com/citi/about/institutional_business.html
https://www.citigroup.com/citi/about/institutional_business.html
https://www.citigroup.com/citi/about/institutional_clients_group.html
https://www.citigroup.com/citi/about/institutional_clients_group.html#section2
https://www.citigroup.com/citi/about/institutional_clients_group.html#section3
https://www.citigroup.com/citi/about/institutional_clients_group.html#section4
https://www.citigroup.com/citi/about/institutional_clients_group.html#section5
https://www.citigroup.com/citi/about/institutional_clients_group.html#section6
https://www.citigroup.com/citi/about/personal_banking_and_wealth_management.html
https://www.citigroup.com/citi/about/personal_banking_and_wealth_management.html
https://www.citigroup.com/citi/about/personal_banking_and_wealth_management.html#section1
https://www.citigroup.com/citi/about/personal_banking_and_wealth_management.html#section4
https://www.citigroup.com/citi/news/news_list_view.html
https://www.citigroup.com/citi/news/news_list_view.html
https://blog.citigroup.com/
https://www.citigroup.com/citi/news/social-media/
https://www.citigroup.com/citi/news/executive.html
https://www.citigroup.com/citi/news/media_contacts.html
https://www.citigroup.com/citi/investor/pres.htm
https://www.citigroup.com/citi/investor/pres.htm
https://www.citigroup.com/citi/investor/annual-reports.html
https://www.citigroup.com/citi/fixedincome/
https://www.citigroup.com/citi/investor/stockholder_services.html
https://www.citigroup.com/citi/investor/corporate_governance.html
https://www.citigroup.com/citi/news/news_list_view.html
https://www.citigroup.com/citi/investor/investor-day/2022/
https://www.citigroup.com/citi/about/
https://www.citigroup.com/citi/about/
https://www.citigroup.com/citi/about/mission-and-value-proposition.html
http://www.citigroup.com/citi/about/esg/
http://www.citigroup.com/citi/diversity/
https://www.citigroup.com/citi/about/our_leaders.html
https://www.citigroup.com/citi/about/countries-and-jurisdictions/
https://www.citigroup.com/citi/investor/corporate_governance.html

https://www.citigroup.com/JSO/signon/LocaleUsernameSignon.do?locale=en_US
https://citi.bridgetrack.com/_redir.htm?BTData=60A0D6F756C61705C53434CAEB2AEA7AB8D928C81F6E1E6F89EE6712
https://www.privatebank.citibank.com/
https://www.citi.com/credit-cards/
https://www.citigroup.com/US/JRS/pands/detail.do?ID=CitigoldOverview
https://citi.bridgetrack.com/cmi/_redir.htm?BTData=4040D6F736D61745A524A4CAAB1A4AFAB8D938287F6E1E6F84E5EEE1
https://www.thankyou.com/
https://careers.citigroup.com/
https://alumni.citi.com/
https://www.citigroup.com/citi/contact.html
https://www.citigroup.com/citi/?eOfferCode=INHOGNTFOCITI#
https://www.citigroup.com/citi/
https://www.citigroup.com/citi/
https://www.citigroup.com/citi/about/institutional_business.html
https://www.citigroup.com/citi/about/institutional_clients_group.html
https://www.citigroup.com/citi/about/institutional_clients_group.html#section2
https://www.citigroup.com/citi/about/institutional_clients_group.html#section3
https://www.citigroup.com/citi/about/institutional_clients_group.html#section4
https://www.citigroup.com/citi/about/institutional_clients_group.html#section5
https://www.citigroup.com/citi/about/institutional_clients_group.html#section6
https://www.citigroup.com/citi/about/personal_banking_and_wealth_management.html
https://www.citigroup.com/citi/about/personal_banking_and_wealth_management.html
https://www.citigroup.com/citi/about/personal_banking_and_wealth_management.html#section1
https://www.citigroup.com/citi/about/personal_banking_and_wealth_management.html#section4
https://www.citigroup.com/citi/news/news_list_view.html
https://www.citigroup.com/citi/news/news_list_view.html
https://blog.citigroup.com/
https://www.citigroup.com/citi/news/social-media/
https://www.citigroup.com/citi/news/executive.html
https://www.citigroup.com/citi/news/media_contacts.html
https://www.citigroup.com/citi/investor/pres.htm
https://www.citigroup.com/citi/investor/pres.htm
https://www.citigroup.com/citi/investor/pres.htm
https://www.citigroup.com/citi/investor/qer.htm
https://www.citigroup.com/citi/investor/sec.htm
https://www.citigroup.com/citi/investor/reg.htm
https://www.citigroup.com/citi/investor/rate.htm
https://www.citigroup.com/citi/investor/annual-reports.html
https://www.citigroup.com/citi/fixedincome/
https://www.citigroup.com/citi/fixedincome/cds_overview.htm
https://www.citigroup.com/citi/fixedincome/green_bonds.htm
https://www.citigroup.com/citi/fixedincome/social_finance_bonds.htm
https://www.citigroup.com/citi/fixedincome/housing_bonds.htm
https://www.citigroup.com/citi/fixedincome/ccs_cap_sec.htm
https://www.citigroup.com/citi/fixedincome/cccs_overview.htm
https://www2.citimortgage.com/Remic/
https://www.citigroup.com/citi/fixedincome/rel_corp_struct.htm
https://www.citigroup.com/citi/fixedincome/faq.htm
https://www.citigroup.com/citi/investor/stockholder_services.html
https://www.citigroup.com/citi/investor/corporate_governance.html
https://www.citigroup.com/citi/news/news_list_view.html
https://www.citigroup.com/citi/investor/investor-day/2022/
https://www.citigroup.com/citi/about/
https://www.citigroup.com/citi/about/
https://www.citigroup.com/citi/about/mission-and-value-proposition.html
http://www.citigroup.com/citi/about/esg/
https://www.citigroup.com/citi/foundation/
https://www.citigroup.com/citi/sustainability/
https://www.citigroup.com/citi/volunteers/
http://www.citigroup.com/citi/diversity/
https://www.citigroup.com/citi/about/our_leaders.html
https://www.citigroup.com/citi/about/our_leaders.html
https://www.citigroup.com/citi/about/our_leaders.html?group=boardofdirectors
https://www.citigroup.com/citi/investor/data/bddircom.pdf?ieNocache=322
https://www.citigroup.com/citi/about/countries-and-jurisdictions/
https://www.citigroup.com/citi/about/countries-and-jurisdictions/apac.html
https://www.citigroup.com/citi/about/countries-and-jurisdictions/emea.html
https://www.citigroup.com/citi/about/countries-and-jurisdictions/latin-america/
https://www.citigroup.com/citi/about/countries-and-jurisdictions/nam.html
https://www.citigroup.com/citi/investor/corporate_governance.html
https://www.citigroup.com/citi/about/timeline/
https://www.citigroup.com/citi/stories-of-progress.html

https://www.citigroup.com/JSO/signon/LocaleUsernameSignon.do?locale=en_US
https://citi.bridgetrack.com/_redir.htm?BTData=60A0D6F756C61705C53434CAEB2AEA7AB8D928C81F6E1E6F89EE6712
https://www.privatebank.citibank.com/
https://www.citi.com/credit-cards/
https://www.citigroup.com/US/JRS/pands/detail.do?ID=CitigoldOverview
https://citi.bridgetrack.com/cmi/_redir.htm?BTData=4040D6F736D61745A524A4CAAB1A4AFAB8D938287F6E1E6F84E5EEE1
https://www.thankyou.com/
https://www.citigroup.com/citi/?eOfferCode=INHOGNTFOCITI#
https://www.citigroup.com/citi/news/2022/first-quarter-2022-earnings.htm
https://www.citigroup.com/citi/about/at-a-glance.html
https://www.citivelocity.com/citigps/investing-for-outcomes/
https://blog.citigroup.com/2022/01/our-approach-to-net-zero-by-2050/
https://www.citivelocity.com/citigps/metaverse-and-money/?linkId=159720483
https://blog.citigroup.com/2022/02/a-milestone-moment-how-we-met-our-diversity-representation-goals/
https://www.citivelocity.com/citigps/global-supply-chains-2/
https://www.citivelocity.com/citigps/women-entrepreneurs/
https://www.citigroup.com/citi/news/2022/220330b.htm
https://blog.citigroup.com/2021/10/expanding-citis-commitment-to-social-finance/
https://www.citigroup.com/citi/news/2022/220224a.htm
https://www.citigroup.com/citi/covid-19.htm
https://www.citigroup.com/citi/investor/qer.htm
https://www.citigroup.com/citi/news/news_list_view.html
https://www.citigroup.com/citi/investor/annual-reports.html
https://www.citigroup.com/citi/about/esg/
http://www.citigroup.com/citi/citiforcities/index.htm
https://careers.citigroup.com/
https://www.citigroup.com/citi/
https://www.citigroup.com/citi/news/xml/news_rss.xml
http://www.facebook.com/citi
https://twitter.com/Citi
http://www.youtube.com/citi
http://www.linkedin.com/company/citi
http://instagram.com/citi
https://www.citigroup.com/citi/about/institutional_business.html
https://www.citigroup.com/citi/about/institutional_clients_group.html
https://www.citigroup.com/citi/about/institutional_clients_group.html#section2
https://www.citigroup.com/citi/about/institutional_clients_group.html#section3
https://www.citigroup.com/citi/about/institutional_clients_group.html#section4
https://www.citigroup.com/citi/about/institutional_clients_group.html#section5
https://www.citigroup.com/citi/about/institutional_clients_group.html#section6
https://www.citigroup.com/citi/about/personal_banking_and_wealth_management.html
https://www.citigroup.com/citi/about/personal_banking_and_wealth_management.html
https://www.citigroup.com/citi/about/personal_banking_and_wealth_management.html#section1
https://www.citigroup.com/citi/about/personal_banking_and_wealth_management.html#section4
https://www.citigroup.com/citi/news/news_list_view.html
https://www.citigroup.com/citi/news/news_list_view.html
https://blog.citigroup.com/
https://www.citigroup.com/citi/news/social-media/
https://www.citigroup.com/citi/news/executive.html
https://www.citigroup.com/citi/news/media_contacts.html
https://www.citigroup.com/citi/citi-news-alerts/
https://www.citigroup.com/citi/investor/pres.htm
https://www.citigroup.com/citi/investor/pres.htm
https://www.citigroup.com/citi/investor/annual-reports.html
https://www.citigroup.com/citi/fixedincome/
https://www.citigroup.com/citi/investor/stockholder_services.html
https://www.citigroup.com/citi/investor/corporate_governance.html
https://www.citigroup.com/citi/news/news_list_view.html
https://www.citigroup.com/citi/investor/investor-day/2022/
https://www.citigroup.com/citi/investor/faq.html
https://www.citigroup.com/citi/about/
https://www.citigroup.com/citi/about/
https://www.citigroup.com/citi/about/mission-and-value-proposition.html
http://www.citigroup.com/citi/about/esg/
http://www.citigroup.com/citi/diversity/
https://www.citigroup.com/citi/about/our_leaders.html
https://www.citigroup.com/citi/about/countries-and-jurisdictions/
https://www.citigroup.com/citi/investor/corporate_governance.html
https://www.citigroup.com/citi/about/sponsorships.html
https://www.citigroup.com/citi/about/timeline/
https://www.citigroup.com/citi/stories-of-progress.html
https://www.citigroup.com/citi/terms.html
https://www.citigroup.com/citi/privacy.html
https://www.citigroup.com/citi/privacy.html#1
https://online.citi.com/dataprivacyhub
https://online.citi.com/US/JRS/portal/template.do?ID=Accessibility&section=
https://www.citigroup.com/citi/suppliers/
https://www.citigroup.com/citi/investor/ethics_hotline.html
https://www.citigroup.com/citi/contact.html
https://www.citigroup.com/citi/feedback/form.htm]]>
  </system-out>
</testsuite> <!-- com.qa.testscripts.TC_WorkingWithMultipleWins_001 -->
