<?xml version="1.0" encoding="UTF-8"?>
<!-- Generated by org.testng.reporters.JUnitReportReporter -->
<testsuite hostname="JyothiCyril" failures="0" tests="1" name="com.qa.testscripts.TC_Amazon_005" time="10.180" errors="0" timestamp="2022-04-20T10:22:32 IST" skipped="0">
  <testcase classname="com.qa.testscripts.TC_Amazon_005" name="NewUserReg" time="10.180"/>
  <system-out>
    <![CDATA[The user is landed on registration page]]>
  </system-out>
</testsuite> <!-- com.qa.testscripts.TC_Amazon_005 -->
