<?xml version="1.0" encoding="UTF-8"?>
<!-- Generated by org.testng.reporters.JUnitReportReporter -->
<testsuite hostname="JyothiCyril" failures="0" tests="1" name="com.qa.testscripts.TC_WorkingWithPopUp_001" time="18.792" errors="0" timestamp="2022-04-20T10:22:32 IST" skipped="0">
  <testcase classname="com.qa.testscripts.TC_WorkingWithPopUp_001" name="popupsEx" time="18.792"/>
  <system-out>
    <![CDATA[User is on registration page
The format of your full name is incorrect.
Your full name can contain alphabets and space characters e.g. Sameer Bhagwat]]>
  </system-out>
</testsuite> <!-- com.qa.testscripts.TC_WorkingWithPopUp_001 -->
