<?xml version="1.0" encoding="UTF-8"?>
<!-- Generated by org.testng.reporters.JUnitReportReporter -->
<testsuite hostname="JyothiCyril" failures="0" tests="1" name="com.qa.testng.TC_CCBillPayment" time="0.002" errors="0" timestamp="2022-04-19T10:31:34 IST" skipped="0">
  <testcase classname="com.qa.testng.TC_CCBillPayment" name="CCBillPayment" time="0.002"/>
  <system-out/>
</testsuite> <!-- com.qa.testng.TC_CCBillPayment -->
