<?xml version="1.0" encoding="UTF-8"?>
<!-- Generated by org.testng.reporters.JUnitReportReporter -->
<testsuite hostname="JyothiCyril" failures="0" tests="5" name="com.qa.testng.TC_FundTransfer" time="0.017" errors="0" timestamp="2022-04-19T10:31:34 IST" skipped="1">
  <testcase classname="com.qa.testng.TC_FundTransfer" name="fundtransferNEFT" time="0.003"/>
  <system-out/>
  <testcase classname="com.qa.testng.TC_FundTransfer" name="fundtransferNEFT" time="0.002"/>
  <system-out/>
  <testcase classname="com.qa.testng.TC_FundTransfer" name="fundtransferNEFT" time="0.007"/>
  <system-out/>
  <testcase classname="com.qa.testng.TC_FundTransfer" name="fundtransferIMPS" time="0.005"/>
  <system-out/>
  <testcase classname="com.qa.testng.TC_FundTransfer" name="fundtransferInternational">
    <skipped/>
  </testcase> <!-- fundtransferInternational -->
  <system-out/>
</testsuite> <!-- com.qa.testng.TC_FundTransfer -->
